[debug] [2025-06-24T17:04:29.161Z] ----------------------------------------------------------------------
[debug] [2025-06-24T17:04:29.165Z] Command:       C:\Program Files\nodejs\node.exe C:\Users\IT Teacher\AppData\Roaming\npm\node_modules\firebase-tools\lib\bin\firebase.js init
[debug] [2025-06-24T17:04:29.165Z] CLI Version:   14.8.0
[debug] [2025-06-24T17:04:29.165Z] Platform:      win32
[debug] [2025-06-24T17:04:29.166Z] Node Version:  v22.14.0
[debug] [2025-06-24T17:04:29.166Z] Time:          Tue Jun 24 2025 12:04:29 GMT-0500 (Eastern Standard Time)
[debug] [2025-06-24T17:04:29.166Z] ----------------------------------------------------------------------
[debug] 
[debug] [2025-06-24T17:04:29.469Z] > command requires scopes: ["email","openid","https://www.googleapis.com/auth/cloudplatformprojects.readonly","https://www.googleapis.com/auth/firebase","https://www.googleapis.com/auth/cloud-platform"]
[debug] [2025-06-24T17:04:29.470Z] > authorizing via signed-in user (soynixonlopez@gmail.com)
[info] 
     ######## #### ########  ######## ########     ###     ######  ########
     ##        ##  ##     ## ##       ##     ##  ##   ##  ##       ##
     ######    ##  ########  ######   ########  #########  ######  ######
     ##        ##  ##    ##  ##       ##     ## ##     ##       ## ##
     ##       #### ##     ## ######## ########  ##     ##  ######  ########

You're about to initialize a Firebase project in this directory:

  C:\Users\IT Teacher\Desktop\Swapp-it-Project

Before we get started, keep in mind:

  * You are initializing within an existing Firebase project directory

[debug] [2025-06-24T17:07:16.548Z] ----------------------------------------------------------------------
[debug] [2025-06-24T17:07:16.552Z] Command:       C:\Program Files\nodejs\node.exe C:\Users\IT Teacher\AppData\Roaming\npm\node_modules\firebase-tools\lib\bin\firebase.js init hosting
[debug] [2025-06-24T17:07:16.552Z] CLI Version:   14.8.0
[debug] [2025-06-24T17:07:16.553Z] Platform:      win32
[debug] [2025-06-24T17:07:16.553Z] Node Version:  v22.14.0
[debug] [2025-06-24T17:07:16.554Z] Time:          Tue Jun 24 2025 12:07:16 GMT-0500 (Eastern Standard Time)
[debug] [2025-06-24T17:07:16.554Z] ----------------------------------------------------------------------
[debug] 
[debug] [2025-06-24T17:07:16.841Z] > command requires scopes: ["email","openid","https://www.googleapis.com/auth/cloudplatformprojects.readonly","https://www.googleapis.com/auth/firebase","https://www.googleapis.com/auth/cloud-platform"]
[debug] [2025-06-24T17:07:16.841Z] > authorizing via signed-in user (soynixonlopez@gmail.com)
[info] 
     ######## #### ########  ######## ########     ###     ######  ########
     ##        ##  ##     ## ##       ##     ##  ##   ##  ##       ##
     ######    ##  ########  ######   ########  #########  ######  ######
     ##        ##  ##    ##  ##       ##     ## ##     ##       ## ##
     ##       #### ##     ## ######## ########  ##     ##  ######  ########

You're about to initialize a Firebase project in this directory:

  C:\Users\IT Teacher\Desktop\Swapp-it-Project

Before we get started, keep in mind:

  * You are initializing within an existing Firebase project directory

[info] 
=== Project Setup
[info] 
[info] First, let's associate this project directory with a Firebase project.
[info] You can create multiple project aliases by running firebase use --add, 
[info] but for now we'll just set up a default project.
[info] 
[debug] [2025-06-24T17:07:29.594Z] Checked if tokens are valid: true, expires at: 1750788255181
[debug] [2025-06-24T17:07:29.595Z] Checked if tokens are valid: true, expires at: 1750788255181
[debug] [2025-06-24T17:07:29.597Z] >>> [apiv2][query] GET https://firebase.googleapis.com/v1beta1/projects pageSize=100
[debug] [2025-06-24T17:07:30.629Z] <<< [apiv2][status] GET https://firebase.googleapis.com/v1beta1/projects 200
[debug] [2025-06-24T17:07:30.629Z] <<< [apiv2][body] GET https://firebase.googleapis.com/v1beta1/projects [omitted]
[info] i  Using project expo-project-senior (EXPO PROJECT SENIOR) 
[info] 
=== Hosting Setup
[debug] [2025-06-24T17:07:51.109Z] Checked if tokens are valid: true, expires at: 1750788255181
[debug] [2025-06-24T17:07:51.109Z] Checked if tokens are valid: true, expires at: 1750788255181
[debug] [2025-06-24T17:07:51.109Z] >>> [apiv2][query] GET https://firebase.googleapis.com/v1beta1/projects/expo-project-senior [none]
[debug] [2025-06-24T17:07:52.124Z] <<< [apiv2][status] GET https://firebase.googleapis.com/v1beta1/projects/expo-project-senior 200
[debug] [2025-06-24T17:07:52.125Z] <<< [apiv2][body] GET https://firebase.googleapis.com/v1beta1/projects/expo-project-senior {"projectId":"expo-project-senior","projectNumber":"482497055216","displayName":"EXPO PROJECT SENIOR","name":"projects/expo-project-senior","resources":{"hostingSite":"expo-project-senior"},"state":"ACTIVE","etag":"1_a0932f9d-0fa7-4dad-8a38-9062c7fb0e61"}
[info] 
[info] Your public directory is the folder (relative to your project directory) that
[info] will contain Hosting assets to be uploaded with firebase deploy. If you
[info] have a build process for your assets, use your build's output directory.
[info] 
[debug] [2025-06-24T17:08:11.695Z] >>> [apiv2][query] GET https://www.gstatic.com/firebasejs/releases.json [none]
[debug] [2025-06-24T17:08:12.092Z] <<< [apiv2][status] GET https://www.gstatic.com/firebasejs/releases.json 200
[debug] [2025-06-24T17:08:12.092Z] <<< [apiv2][body] GET https://www.gstatic.com/firebasejs/releases.json {"current":{"version":"11.9.1","browserURL":"https://www.gstatic.com/firebasejs/11.9.1/firebase.js","packageURL":"https://www.gstatic.com/firebasejs/11.9.1/firebase.tgz"},"live":{"version":"11.9","browserURL":"https://www.gstatic.com/firebasejs/live/11.9/firebase.js","packageURL":"https://www.gstatic.com/firebasejs/live/11.9/firebase.tgz"},"components":{"ai":"https://www.gstatic.com/firebasejs/11.9.1/firebase-ai.js","analytics":"https://www.gstatic.com/firebasejs/11.9.1/firebase-analytics.js","app":"https://www.gstatic.com/firebasejs/11.9.1/firebase-app.js","app-check":"https://www.gstatic.com/firebasejs/11.9.1/firebase-app-check.js","auth":"https://www.gstatic.com/firebasejs/11.9.1/firebase-auth.js","auth/cordova":"https://www.gstatic.com/firebasejs/11.9.1/firebase-auth/cordova.js","auth/web-extension":"https://www.gstatic.com/firebasejs/11.9.1/firebase-auth/web-extension.js","functions":"https://www.gstatic.com/firebasejs/11.9.1/firebase-functions.js","firestore":"https://www.gstatic.com/firebasejs/11.9.1/firebase-firestore.js","firestore/lite":"https://www.gstatic.com/firebasejs/11.9.1/firebase-firestore/lite.js","installations":"https://www.gstatic.com/firebasejs/11.9.1/firebase-installations.js","storage":"https://www.gstatic.com/firebasejs/11.9.1/firebase-storage.js","performance":"https://www.gstatic.com/firebasejs/11.9.1/firebase-performance.js","remote-config":"https://www.gstatic.com/firebasejs/11.9.1/firebase-remote-config.js","messaging":"https://www.gstatic.com/firebasejs/11.9.1/firebase-messaging.js","messaging/sw":"https://www.gstatic.com/firebasejs/11.9.1/firebase-messaging/sw.js","database":"https://www.gstatic.com/firebasejs/11.9.1/firebase-database.js","vertexai":"https://www.gstatic.com/firebasejs/11.9.1/firebase-vertexai.js","data-connect":"https://www.gstatic.com/firebasejs/11.9.1/firebase-data-connect.js","firestore.memory":"https://www.gstatic.com/firebasejs/11.9.1/firebase-firestore.memory.js"}}
[info] +  Wrote Y/index.html 
[info] 
[info] i  Detected a .git folder at C:\Users\IT Teacher\Desktop\Swapp-it-Project 
[info] i  Authorizing with GitHub to upload your service account to a GitHub repository's secrets store. 
[info] 
[info] Visit this URL on this device to log in:
[info] https://github.com/login/oauth/authorize?client_id=89cf50f02ac6aaed3484&state=864757521&redirect_uri=http%3A%2F%2Flocalhost%3A9005&scope=read%3Auser%20repo%20public_repo
[info] 
[info] Waiting for authentication...
